-------------------------------------------------------------------------------
      name:  <unnamed>
       log:  C:\Users\13640972\Downloads\aula_2.log
  log type:  text
 opened on:   1 Apr 2025, 21:35:27

. 
. sum

    Variable |        Obs        Mean    Std. Dev.       Min        Max
-------------+---------------------------------------------------------
      escola |      3,446    3.53e+07    417080.7   3.50e+07   3.59e+07
          id |      3,446    9035.331    4586.974         34      17291
         ano |      3,446      2008.5    1.500218       2007       2010
           w |      3,446    .5670342    .4955579          0          1
       notam |      3,247    244.3941    43.08319   128.6842    393.097
-------------+---------------------------------------------------------
       notap |      3,308    242.7101    48.11201   117.0934   386.7396
        sexo |      2,980    .5281879    .4992886          0          1
         cor |      2,968    .6873315    .4636586          0          1
        trab |      2,966    .1854349    .3887155          0          1
        comp |      2,972    .1736205    .3788465          0          1
-------------+---------------------------------------------------------
      quarto |      2,974    .7881641    .4086779          0          1
      livros |      2,970    .9124579    .2826754          0          1

. 
. * Checar se todos os valores são iguais entre treat e non-treat. Teste das mé
> dias
. 
. tab w ano

 Status da |   ano do tratamento
    Escola |      2007       2010 |     Total
-----------+----------------------+----------
  Controle |       746        746 |     1,492 
Tratamento |       977        977 |     1,954 
-----------+----------------------+----------
     Total |     1,723      1,723 |     3,446 

. 
. ttest notam if ano == 2007, by(w)

Two-sample t test with equal variances
------------------------------------------------------------------------------
   Group |     Obs        Mean    Std. Err.   Std. Dev.   [95% Conf. Interval]
---------+--------------------------------------------------------------------
Controle |     710    235.6686    1.570937    41.85893    232.5844    238.7529
Tratamen |     945    233.0589    1.361401    41.85063    230.3872    235.7306
---------+--------------------------------------------------------------------
combined |   1,655    234.1785       1.029    41.86148    232.1602    236.1968
---------+--------------------------------------------------------------------
    diff |            2.609715    2.078705               -1.467457    6.686887
------------------------------------------------------------------------------
    diff = mean(Controle) - mean(Tratamen)                        t =   1.2555
Ho: diff = 0                                     degrees of freedom =     1653

    Ha: diff < 0                 Ha: diff != 0                 Ha: diff > 0
 Pr(T < t) = 0.8953         Pr(|T| > |t|) = 0.2095          Pr(T > t) = 0.1047

. ttest notap if ano == 2007, by(w)

Two-sample t test with equal variances
------------------------------------------------------------------------------
   Group |     Obs        Mean    Std. Err.   Std. Dev.   [95% Conf. Interval]
---------+--------------------------------------------------------------------
Controle |     722    231.7277    1.676429    45.04573    228.4365     235.019
Tratamen |     947    231.9671    1.431768    44.06031    229.1573    234.7769
---------+--------------------------------------------------------------------
combined |   1,669    231.8635    1.088674    44.47602    229.7282    233.9988
---------+--------------------------------------------------------------------
    diff |           -.2393521    2.198058               -4.550597    4.071893
------------------------------------------------------------------------------
    diff = mean(Controle) - mean(Tratamen)                        t =  -0.1089
Ho: diff = 0                                     degrees of freedom =     1667

    Ha: diff < 0                 Ha: diff != 0                 Ha: diff > 0
 Pr(T < t) = 0.4567         Pr(|T| > |t|) = 0.9133          Pr(T > t) = 0.5433

. ttest sexo if ano == 2007, by(w)

Two-sample t test with equal variances
------------------------------------------------------------------------------
   Group |     Obs        Mean    Std. Err.   Std. Dev.   [95% Conf. Interval]
---------+--------------------------------------------------------------------
Controle |     645    .5255814     .019677    .4997327    .4869427    .5642201
Tratamen |     845    .5301775    .0171793    .4993841    .4964583    .5638967
---------+--------------------------------------------------------------------
combined |   1,490    .5281879    .0129369    .4993724    .5028114    .5535645
---------+--------------------------------------------------------------------
    diff |           -.0045961    .0261187               -.0558294    .0466372
------------------------------------------------------------------------------
    diff = mean(Controle) - mean(Tratamen)                        t =  -0.1760
Ho: diff = 0                                     degrees of freedom =     1488

    Ha: diff < 0                 Ha: diff != 0                 Ha: diff > 0
 Pr(T < t) = 0.4302         Pr(|T| > |t|) = 0.8603          Pr(T > t) = 0.5698

. ttest trab if ano == 2007, by(w)

Two-sample t test with equal variances
------------------------------------------------------------------------------
   Group |     Obs        Mean    Std. Err.   Std. Dev.   [95% Conf. Interval]
---------+--------------------------------------------------------------------
Controle |     640    .1765625    .0150839    .3815963    .1469425    .2061825
Tratamen |     843    .1921708    .0135784    .3942405    .1655194    .2188222
---------+--------------------------------------------------------------------
combined |   1,483    .1854349    .0100957    .3887811    .1656316    .2052382
---------+--------------------------------------------------------------------
    diff |           -.0156083     .020386               -.0555969    .0243802
------------------------------------------------------------------------------
    diff = mean(Controle) - mean(Tratamen)                        t =  -0.7656
Ho: diff = 0                                     degrees of freedom =     1481

    Ha: diff < 0                 Ha: diff != 0                 Ha: diff > 0
 Pr(T < t) = 0.2220         Pr(|T| > |t|) = 0.4440          Pr(T > t) = 0.7780

. ttest comp if ano == 2007, by(w)

Two-sample t test with equal variances
------------------------------------------------------------------------------
   Group |     Obs        Mean    Std. Err.   Std. Dev.   [95% Conf. Interval]
---------+--------------------------------------------------------------------
Controle |     643    .1664075    .0146993     .372736     .137543    .1952719
Tratamen |     843    .1791222    .0132147    .3836822    .1531845    .2050598
---------+--------------------------------------------------------------------
combined |   1,486    .1736205    .0098294    .3789103    .1543395    .1929014
---------+--------------------------------------------------------------------
    diff |           -.0127147    .0198432               -.0516385    .0262091
------------------------------------------------------------------------------
    diff = mean(Controle) - mean(Tratamen)                        t =  -0.6408
Ho: diff = 0                                     degrees of freedom =     1484

    Ha: diff < 0                 Ha: diff != 0                 Ha: diff > 0
 Pr(T < t) = 0.2609         Pr(|T| > |t|) = 0.5218          Pr(T > t) = 0.7391

. ttest quarto if ano == 2007, by(w)

Two-sample t test with equal variances
------------------------------------------------------------------------------
   Group |     Obs        Mean    Std. Err.   Std. Dev.   [95% Conf. Interval]
---------+--------------------------------------------------------------------
Controle |     643    .7807154    .0163299     .414084     .748649    .8127818
Tratamen |     844    .7938389    .0139334    .4047874    .7664907     .821187
---------+--------------------------------------------------------------------
combined |   1,487    .7881641    .0105998    .4087466    .7673719    .8089563
---------+--------------------------------------------------------------------
    diff |           -.0131235    .0214005               -.0551019     .028855
------------------------------------------------------------------------------
    diff = mean(Controle) - mean(Tratamen)                        t =  -0.6132
Ho: diff = 0                                     degrees of freedom =     1485

    Ha: diff < 0                 Ha: diff != 0                 Ha: diff > 0
 Pr(T < t) = 0.2699         Pr(|T| > |t|) = 0.5398          Pr(T > t) = 0.7301

. ttest livros if ano == 2007, by(w)

Two-sample t test with equal variances
------------------------------------------------------------------------------
   Group |     Obs        Mean    Std. Err.   Std. Dev.   [95% Conf. Interval]
---------+--------------------------------------------------------------------
Controle |     643    .9175739    .0108539    .2752269    .8962605    .9388873
Tratamen |     842    .9085511    .0099395    .2884178    .8890419    .9280603
---------+--------------------------------------------------------------------
combined |   1,485    .9124579    .0073367     .282723    .8980666    .9268492
---------+--------------------------------------------------------------------
    diff |            .0090228      .01481                -.020028    .0380736
------------------------------------------------------------------------------
    diff = mean(Controle) - mean(Tratamen)                        t =   0.6092
Ho: diff = 0                                     degrees of freedom =     1483

    Ha: diff < 0                 Ha: diff != 0                 Ha: diff > 0
 Pr(T < t) = 0.7288         Pr(|T| > |t|) = 0.5425          Pr(T > t) = 0.2712

. ttest cor if ano == 2007, by(w)

Two-sample t test with equal variances
------------------------------------------------------------------------------
   Group |     Obs        Mean    Std. Err.   Std. Dev.   [95% Conf. Interval]
---------+--------------------------------------------------------------------
Controle |     644    .6940994    .0181717     .461146    .6584163    .7297824
Tratamen |     840    .6821429    .0160758     .465921    .6505893    .7136964
---------+--------------------------------------------------------------------
combined |   1,484    .6873315     .012038    .4637368    .6637182    .7109449
---------+--------------------------------------------------------------------
    diff |            .0119565     .024295               -.0356997    .0596128
------------------------------------------------------------------------------
    diff = mean(Controle) - mean(Tratamen)                        t =   0.4921
Ho: diff = 0                                     degrees of freedom =     1482

    Ha: diff < 0                 Ha: diff != 0                 Ha: diff > 0
 Pr(T < t) = 0.6887         Pr(|T| > |t|) = 0.6227          Pr(T > t) = 0.3113

. 
end of do-file

. do "C:\Users\13640972\AppData\Local\Temp\STD1878_000000.tmp"

. reg notam w if ano == 2007, rob

Linear regression                               Number of obs     =      1,655
                                                F(1, 1653)        =       1.58
                                                Prob > F          =     0.2095
                                                R-squared         =     0.0010
                                                Root MSE          =     41.854

------------------------------------------------------------------------------
             |               Robust
       notam |      Coef.   Std. Err.      t    P>|t|     [95% Conf. Interval]
-------------+----------------------------------------------------------------
           w |  -2.609715   2.078712    -1.26   0.209    -6.686901     1.46747
       _cons |   235.6686    1.57078   150.03   0.000     232.5877    238.7495
------------------------------------------------------------------------------

. 
end of do-file

. do "C:\Users\13640972\AppData\Local\Temp\STD1878_000000.tmp"

. ttest notam if ano == 2010, rob
option rob not allowed
r(198);

end of do-file

r(198);

. do "C:\Users\13640972\AppData\Local\Temp\STD1878_000000.tmp"

. ttest notam w if ano == 2010, rob
too many variables specified
r(103);

end of do-file

r(103);

. do "C:\Users\13640972\AppData\Local\Temp\STD1878_000000.tmp"

. ttest notam if ano == 2010, by(w)

Two-sample t test with equal variances
------------------------------------------------------------------------------
   Group |     Obs        Mean    Std. Err.   Std. Dev.   [95% Conf. Interval]
---------+--------------------------------------------------------------------
Controle |     666     251.504    1.627236    41.99403    248.3089    254.6992
Tratamen |     926    257.5385     1.36141    41.42804    254.8667    260.2103
---------+--------------------------------------------------------------------
combined |   1,592     255.014    1.046592    41.75889    252.9612    257.0669
---------+--------------------------------------------------------------------
    diff |           -6.034418    2.116935                -10.1867   -1.882141
------------------------------------------------------------------------------
    diff = mean(Controle) - mean(Tratamen)                        t =  -2.8505
Ho: diff = 0                                     degrees of freedom =     1590

    Ha: diff < 0                 Ha: diff != 0                 Ha: diff > 0
 Pr(T < t) = 0.0022         Pr(|T| > |t|) = 0.0044          Pr(T > t) = 0.9978

. 
end of do-file

. do "C:\Users\13640972\AppData\Local\Temp\STD1878_000000.tmp"

. ttest notap if ano == 2010, by(w)

Two-sample t test with equal variances
------------------------------------------------------------------------------
   Group |     Obs        Mean    Std. Err.   Std. Dev.   [95% Conf. Interval]
---------+--------------------------------------------------------------------
Controle |     706    249.6956    1.852079    49.21096    246.0594    253.3319
Tratamen |     933     256.827    1.601909     48.9304    253.6832    259.9708
---------+--------------------------------------------------------------------
combined |   1,639    253.7552    1.214377    49.16352    251.3733    256.1371
---------+--------------------------------------------------------------------
    diff |            -7.13139    2.446797               -11.93057   -2.332207
------------------------------------------------------------------------------
    diff = mean(Controle) - mean(Tratamen)                        t =  -2.9146
Ho: diff = 0                                     degrees of freedom =     1637

    Ha: diff < 0                 Ha: diff != 0                 Ha: diff > 0
 Pr(T < t) = 0.0018         Pr(|T| > |t|) = 0.0036          Pr(T > t) = 0.9982

. ttest notam if ano == 2010, by(w)

Two-sample t test with equal variances
------------------------------------------------------------------------------
   Group |     Obs        Mean    Std. Err.   Std. Dev.   [95% Conf. Interval]
---------+--------------------------------------------------------------------
Controle |     666     251.504    1.627236    41.99403    248.3089    254.6992
Tratamen |     926    257.5385     1.36141    41.42804    254.8667    260.2103
---------+--------------------------------------------------------------------
combined |   1,592     255.014    1.046592    41.75889    252.9612    257.0669
---------+--------------------------------------------------------------------
    diff |           -6.034418    2.116935                -10.1867   -1.882141
------------------------------------------------------------------------------
    diff = mean(Controle) - mean(Tratamen)                        t =  -2.8505
Ho: diff = 0                                     degrees of freedom =     1590

    Ha: diff < 0                 Ha: diff != 0                 Ha: diff > 0
 Pr(T < t) = 0.0022         Pr(|T| > |t|) = 0.0044          Pr(T > t) = 0.9978

. 
end of do-file

. do "C:\Users\13640972\AppData\Local\Temp\STD1878_000000.tmp"

. reg notam w if ano == 2010, rob

Linear regression                               Number of obs     =      1,592
                                                F(1, 1590)        =       8.09
                                                Prob > F          =     0.0045
                                                R-squared         =     0.0051
                                                Root MSE          =     41.666

------------------------------------------------------------------------------
             |               Robust
       notam |      Coef.   Std. Err.      t    P>|t|     [95% Conf. Interval]
-------------+----------------------------------------------------------------
           w |   6.034418   2.121558     2.84   0.005     1.873072    10.19576
       _cons |    251.504   1.627036   154.58   0.000     248.3127    254.6954
------------------------------------------------------------------------------

. 
end of do-file

. do "C:\Users\13640972\AppData\Local\Temp\STD1878_000000.tmp"

. reg notam w sexo cor trab comp livros quarto if ano == 2010, rob

Linear regression                               Number of obs     =      1,362
                                                F(7, 1354)        =       5.87
                                                Prob > F          =     0.0000
                                                R-squared         =     0.0297
                                                Root MSE          =     41.262

------------------------------------------------------------------------------
             |               Robust
       notam |      Coef.   Std. Err.      t    P>|t|     [95% Conf. Interval]
-------------+----------------------------------------------------------------
           w |   5.449512   2.279791     2.39   0.017     .9772064    9.921818
        sexo |  -8.208772   2.278684    -3.60   0.000    -12.67891   -3.738638
         cor |  -6.539077   2.429167    -2.69   0.007    -11.30442   -1.773736
        trab |  -10.64735   2.844491    -3.74   0.000    -16.22744   -5.067265
        comp |   2.095002   2.915703     0.72   0.473    -3.624784    7.814788
      livros |   8.384991   4.172725     2.01   0.045      .199282     16.5707
      quarto |  -.9494719   2.760945    -0.34   0.731    -6.365667    4.466723
       _cons |   257.5712    5.18284    49.70   0.000     247.4039    267.7385
------------------------------------------------------------------------------

. 
end of do-file

. do "C:\Users\13640972\AppData\Local\Temp\STD1878_000000.tmp"

. xtset id ano
       panel variable:  id (strongly balanced)
        time variable:  ano, 2007 to 2010, but with gaps
                delta:  1 unit

. xtreg notam w i.ano, reg
option reg not allowed
r(198);

end of do-file

r(198);

. do "C:\Users\13640972\AppData\Local\Temp\STD1878_000000.tmp"

. xtset id ano
       panel variable:  id (strongly balanced)
        time variable:  ano, 2007 to 2010, but with gaps
                delta:  1 unit

. xtreg notam w i.ano, re

Random-effects GLS regression                   Number of obs     =      3,247
Group variable: id                              Number of groups  =      1,720

R-sq:                                           Obs per group:
     within  = 0.2210                                         min =          1
     between = 0.0069                                         avg =        1.9
     overall = 0.0588                                         max =          2

                                                Wald chi2(2)      =     441.54
corr(u_i, X)   = 0 (assumed)                    Prob > chi2       =     0.0000

------------------------------------------------------------------------------
       notam |      Coef.   Std. Err.      z    P>|z|     [95% Conf. Interval]
-------------+----------------------------------------------------------------
           w |   1.811389   1.812791     1.00   0.318    -1.741615    5.364394
             |
         ano |
       2010  |   20.91221   .9967968    20.98   0.000     18.95852    22.86589
             |
       _cons |    232.795   1.449628   160.59   0.000     229.9538    235.6362
-------------+----------------------------------------------------------------
     sigma_u |  30.950532
     sigma_e |   27.89871
         rho |  .55171921   (fraction of variance due to u_i)
------------------------------------------------------------------------------

. 
end of do-file

. do "C:\Users\13640972\AppData\Local\Temp\STD1878_000000.tmp"

. 
. gen t = 1 if w == 1 & ano == 2010
(2,469 missing values generated)

. replace t = 0 if w == 1 & ano == 2007
(977 real changes made)

. replace t = 0 if w == 0 
(1,492 real changes made)

. 
. xtset id ano
       panel variable:  id (strongly balanced)
        time variable:  ano, 2007 to 2010, but with gaps
                delta:  1 unit

. xtreg notam w i.ano, re

Random-effects GLS regression                   Number of obs     =      3,247
Group variable: id                              Number of groups  =      1,720

R-sq:                                           Obs per group:
     within  = 0.2210                                         min =          1
     between = 0.0069                                         avg =        1.9
     overall = 0.0588                                         max =          2

                                                Wald chi2(2)      =     441.54
corr(u_i, X)   = 0 (assumed)                    Prob > chi2       =     0.0000

------------------------------------------------------------------------------
       notam |      Coef.   Std. Err.      z    P>|z|     [95% Conf. Interval]
-------------+----------------------------------------------------------------
           w |   1.811389   1.812791     1.00   0.318    -1.741615    5.364394
             |
         ano |
       2010  |   20.91221   .9967968    20.98   0.000     18.95852    22.86589
             |
       _cons |    232.795   1.449628   160.59   0.000     229.9538    235.6362
-------------+----------------------------------------------------------------
     sigma_u |  30.950532
     sigma_e |   27.89871
         rho |  .55171921   (fraction of variance due to u_i)
------------------------------------------------------------------------------

. 
end of do-file

. do "C:\Users\13640972\AppData\Local\Temp\STD1878_000000.tmp"

. gen t = 1 if w == 1 & ano == 2010
variable t already defined
r(110);

end of do-file

r(110);

. do "C:\Users\13640972\AppData\Local\Temp\STD1878_000000.tmp"

. gen t = 1 if w == 1 & ano == 2010
variable t already defined
r(110);

end of do-file

r(110);

. do "C:\Users\13640972\AppData\Local\Temp\STD1878_000000.tmp"

. xtset id ano
       panel variable:  id (strongly balanced)
        time variable:  ano, 2007 to 2010, but with gaps
                delta:  1 unit

. xtreg notam t i.ano, re

Random-effects GLS regression                   Number of obs     =      3,247
Group variable: id                              Number of groups  =      1,720

R-sq:                                           Obs per group:
     within  = 0.2276                                         min =          1
     between = 0.0083                                         avg =        1.9
     overall = 0.0607                                         max =          2

                                                Wald chi2(2)      =     459.81
corr(u_i, X)   = 0 (assumed)                    Prob > chi2       =     0.0000

------------------------------------------------------------------------------
       notam |      Coef.   Std. Err.      z    P>|z|     [95% Conf. Interval]
-------------+----------------------------------------------------------------
           t |   7.040663   1.773729     3.97   0.000     3.564217    10.51711
             |
         ano |
       2010  |   16.80689   1.435318    11.71   0.000     13.99372    19.62006
             |
       _cons |   233.8419    1.01789   229.73   0.000     231.8468    235.8369
-------------+----------------------------------------------------------------
     sigma_u |  30.975616
     sigma_e |  27.788541
         rho |  .55407595   (fraction of variance due to u_i)
------------------------------------------------------------------------------

. xtreg notam t i.ano, fe

Fixed-effects (within) regression               Number of obs     =      3,247
Group variable: id                              Number of groups  =      1,720

R-sq:                                           Obs per group:
     within  = 0.2276                                         min =          1
     between = 0.0083                                         avg =        1.9
     overall = 0.0607                                         max =          2

                                                F(2,1525)         =     224.69
corr(u_i, Xb)  = -0.0047                        Prob > F          =     0.0000

------------------------------------------------------------------------------
       notam |      Coef.   Std. Err.      t    P>|t|     [95% Conf. Interval]
-------------+----------------------------------------------------------------
           t |   7.398815   2.042357     3.62   0.000      3.39269    11.40494
             |
         ano |
       2010  |    16.6638   1.564466    10.65   0.000     13.59507    19.73253
             |
       _cons |   234.1138    .693527   337.57   0.000     232.7535    235.4742
-------------+----------------------------------------------------------------
     sigma_u |  37.249378
     sigma_e |  27.788541
         rho |  .64245212   (fraction of variance due to u_i)
------------------------------------------------------------------------------
F test that all u_i=0: F(1719, 1525) = 3.38                  Prob > F = 0.0000

. 
end of do-file

. do "C:\Users\13640972\AppData\Local\Temp\STD1878_000000.tmp"

. xtreg notam t i.ano, fe

Fixed-effects (within) regression               Number of obs     =      3,247
Group variable: id                              Number of groups  =      1,720

R-sq:                                           Obs per group:
     within  = 0.2276                                         min =          1
     between = 0.0083                                         avg =        1.9
     overall = 0.0607                                         max =          2

                                                F(2,1525)         =     224.69
corr(u_i, Xb)  = -0.0047                        Prob > F          =     0.0000

------------------------------------------------------------------------------
       notam |      Coef.   Std. Err.      t    P>|t|     [95% Conf. Interval]
-------------+----------------------------------------------------------------
           t |   7.398815   2.042357     3.62   0.000      3.39269    11.40494
             |
         ano |
       2010  |    16.6638   1.564466    10.65   0.000     13.59507    19.73253
             |
       _cons |   234.1138    .693527   337.57   0.000     232.7535    235.4742
-------------+----------------------------------------------------------------
     sigma_u |  37.249378
     sigma_e |  27.788541
         rho |  .64245212   (fraction of variance due to u_i)
------------------------------------------------------------------------------
F test that all u_i=0: F(1719, 1525) = 3.38                  Prob > F = 0.0000

. 
end of do-file

. do "C:\Users\13640972\AppData\Local\Temp\STD1878_000000.tmp"

. xtreg notam t i.ano, fe

Fixed-effects (within) regression               Number of obs     =      3,247
Group variable: id                              Number of groups  =      1,720

R-sq:                                           Obs per group:
     within  = 0.2276                                         min =          1
     between = 0.0083                                         avg =        1.9
     overall = 0.0607                                         max =          2

                                                F(2,1525)         =     224.69
corr(u_i, Xb)  = -0.0047                        Prob > F          =     0.0000

------------------------------------------------------------------------------
       notam |      Coef.   Std. Err.      t    P>|t|     [95% Conf. Interval]
-------------+----------------------------------------------------------------
           t |   7.398815   2.042357     3.62   0.000      3.39269    11.40494
             |
         ano |
       2010  |    16.6638   1.564466    10.65   0.000     13.59507    19.73253
             |
       _cons |   234.1138    .693527   337.57   0.000     232.7535    235.4742
-------------+----------------------------------------------------------------
     sigma_u |  37.249378
     sigma_e |  27.788541
         rho |  .64245212   (fraction of variance due to u_i)
------------------------------------------------------------------------------
F test that all u_i=0: F(1719, 1525) = 3.38                  Prob > F = 0.0000

. estimates store naercio

. xtreg notam t i.ano, re

Random-effects GLS regression                   Number of obs     =      3,247
Group variable: id                              Number of groups  =      1,720

R-sq:                                           Obs per group:
     within  = 0.2276                                         min =          1
     between = 0.0083                                         avg =        1.9
     overall = 0.0607                                         max =          2

                                                Wald chi2(2)      =     459.81
corr(u_i, X)   = 0 (assumed)                    Prob > chi2       =     0.0000

------------------------------------------------------------------------------
       notam |      Coef.   Std. Err.      z    P>|z|     [95% Conf. Interval]
-------------+----------------------------------------------------------------
           t |   7.040663   1.773729     3.97   0.000     3.564217    10.51711
             |
         ano |
       2010  |   16.80689   1.435318    11.71   0.000     13.99372    19.62006
             |
       _cons |   233.8419    1.01789   229.73   0.000     231.8468    235.8369
-------------+----------------------------------------------------------------
     sigma_u |  30.975616
     sigma_e |  27.788541
         rho |  .55407595   (fraction of variance due to u_i)
------------------------------------------------------------------------------

. estimates store carlos

. hausman naercio carlos

                 ---- Coefficients ----
             |      (b)          (B)            (b-B)     sqrt(diag(V_b-V_B))
             |    naercio       carlos       Difference          S.E.
-------------+----------------------------------------------------------------
           t |    7.398815     7.040663        .3581514        1.012474
         ano |
       2010  |     16.6638     16.80689       -.1430888        .6224268
------------------------------------------------------------------------------
                           b = consistent under Ho and Ha; obtained from xtreg
            B = inconsistent under Ha, efficient under Ho; obtained from xtreg

    Test:  Ho:  difference in coefficients not systematic

                  chi2(2) = (b-B)'[(V_b-V_B)^(-1)](b-B)
                          =        0.31
                Prob>chi2 =      0.8545

. 
end of do-file

